This is pdfTeX, Version 3.1415926-1.40.10 (TeX Live 2009/Debian) (format=latex 2012.5.8)  11 MAY 2014 22:12
entering extended mode
 %&-line parsing enabled.
**memte.tex
(./memte.tex
LaTeX2e <2009/09/24>
Babel <v3.8l> and hyphenation patterns for english, usenglishmax, dumylang, noh
yphenation, loaded.
(/usr/share/texmf-texlive/tex/latex/base/report.cls
Document Class: report 2007/10/19 v1.4h Standard LaTeX document class
(/usr/share/texmf-texlive/tex/latex/base/size11.clo
File: size11.clo 2007/10/19 v1.4h Standard LaTeX file (size option)
)
\c@part=\count79
\c@chapter=\count80
\c@section=\count81
\c@subsection=\count82
\c@subsubsection=\count83
\c@paragraph=\count84
\c@subparagraph=\count85
\c@figure=\count86
\c@table=\count87
\abovecaptionskip=\skip41
\belowcaptionskip=\skip42
\bibindent=\dimen102
)
(/usr/share/texmf-texlive/tex/latex/graphics/graphicx.sty
Package: graphicx 1999/02/16 v1.0f Enhanced LaTeX Graphics (DPC,SPQR)

(/usr/share/texmf-texlive/tex/latex/graphics/keyval.sty
Package: keyval 1999/03/16 v1.13 key=value parser (DPC)
\KV@toks@=\toks14
)
(/usr/share/texmf-texlive/tex/latex/graphics/graphics.sty
Package: graphics 2009/02/05 v1.0o Standard LaTeX Graphics (DPC,SPQR)

(/usr/share/texmf-texlive/tex/latex/graphics/trig.sty
Package: trig 1999/03/16 v1.09 sin cos tan (DPC)
)
(/etc/texmf/tex/latex/config/graphics.cfg
File: graphics.cfg 2009/08/28 v1.8 graphics configuration of TeX Live
)
Package graphics Info: Driver file: dvips.def on input line 91.

(/usr/share/texmf-texlive/tex/latex/graphics/dvips.def
File: dvips.def 1999/02/16 v3.0i Driver-dependant file (DPC,SPQR)
))
\Gin@req@height=\dimen103
\Gin@req@width=\dimen104
)
(/usr/share/texmf-texlive/tex/latex/graphics/epsfig.sty
Package: epsfig 1999/02/16 v1.7a (e)psfig emulation (SPQR)
\epsfxsize=\dimen105
\epsfysize=\dimen106
)
(/usr/share/texmf-texlive/tex/latex/base/inputenc.sty
Package: inputenc 2008/03/30 v1.1d Input encoding file
\inpenc@prehook=\toks15
\inpenc@posthook=\toks16

(/usr/share/texmf-texlive/tex/latex/base/latin1.def
File: latin1.def 2008/03/30 v1.1d Input encoding file
))
(/usr/share/texmf-texlive/tex/generic/babel/babel.sty
Package: babel 2008/07/06 v3.8l The Babel package

(/usr/share/texmf-texlive/tex/generic/babel/spanish.ldf
Language: spanish.ldf 2009/01/02 v5.0h Spanish support from the babel system

(/usr/share/texmf-texlive/tex/generic/babel/babel.def
File: babel.def 2008/07/06 v3.8l Babel common definitions
\babel@savecnt=\count88
\U@D=\dimen107
)

Package babel Warning: No hyphenation patterns were loaded for
(babel)                the language `Spanish'
(babel)                I will use the patterns loaded for \language=0 instead.

\l@spanish = a dialect from \language0
\es@datefmt=\count89
\es@quottoks=\toks17
\es@quotdepth=\count90
Package babel Info: Making " an active character on input line 492.
Package babel Info: Making . an active character on input line 585.
Package babel Info: Making < an active character on input line 630.
Package babel Info: Making > an active character on input line 630.
)) (/usr/share/texmf-texlive/tex/latex/base/alltt.sty
Package: alltt 1997/06/16 v2.0g defines alltt environment
)
(./templates/algorithm.sty

LaTeX Warning: You have requested package `templates/algorithm',
               but the package provides `algorithm'.

Package: algorithm 
Document Style `algorithm' - floating environment
(/usr/share/texmf-texlive/tex/latex/float/float.sty
Package: float 2001/11/08 v1.3d Float enhancements (AL)
\c@float@type=\count91
\float@exts=\toks18
\float@box=\box26
\@float@everytoks=\toks19
\@floatcapt=\box27
)
(/usr/share/texmf-texlive/tex/latex/base/ifthen.sty
Package: ifthen 2001/05/26 v1.1c Standard LaTeX ifthen package (DPC)
)
\@float@every@algorithm=\toks20
\c@algorithm=\count92
)
(./templates/algorithmic.sty

LaTeX Warning: You have requested package `templates/algorithmic',
               but the package provides `algorithmic'.

Package: algorithmic 2006/06/02
Document Style `algorithmic' - environment
(/usr/share/texmf-texlive/tex/latex/tools/calc.sty
Package: calc 2007/08/22 v4.3 Infix arithmetic (KKT,FJ)
\calc@Acount=\count93
\calc@Bcount=\count94
\calc@Adimen=\dimen108
\calc@Bdimen=\dimen109
\calc@Askip=\skip43
\calc@Bskip=\skip44
LaTeX Info: Redefining \setlength on input line 76.
LaTeX Info: Redefining \addtolength on input line 77.
\calc@Ccount=\count95
\calc@Cskip=\skip45
)
\c@ALC@line=\count96
\c@ALC@rem=\count97
\c@ALC@depth=\count98
\ALC@tlm=\skip46
\algorithmicindent=\skip47
) (./templates/multirow.sty
\bigstrutjot=\dimen110
) (/usr/share/texmf-texlive/tex/latex/amsfonts/amssymb.sty
Package: amssymb 2009/06/22 v3.00

(/usr/share/texmf-texlive/tex/latex/amsfonts/amsfonts.sty
Package: amsfonts 2009/06/22 v3.00 Basic AMSFonts support
\@emptytoks=\toks21
\symAMSa=\mathgroup4
\symAMSb=\mathgroup5
LaTeX Font Info:    Overwriting math alphabet `\mathfrak' in version `bold'
(Font)                  U/euf/m/n --> U/euf/b/n on input line 96.
))
(/usr/share/texmf-texlive/tex/plain/amsfonts/amssym.def
\msafam=\mathgroup6
\msbfam=\mathgroup7
\eufmfam=\mathgroup8
) (./memte.aux)
\openout1 = `memte.aux'.

LaTeX Font Info:    Checking defaults for OML/cmm/m/it on input line 93.
LaTeX Font Info:    ... okay on input line 93.
LaTeX Font Info:    Checking defaults for T1/cmr/m/n on input line 93.
LaTeX Font Info:    ... okay on input line 93.
LaTeX Font Info:    Checking defaults for OT1/cmr/m/n on input line 93.
LaTeX Font Info:    ... okay on input line 93.
LaTeX Font Info:    Checking defaults for OMS/cmsy/m/n on input line 93.
LaTeX Font Info:    ... okay on input line 93.
LaTeX Font Info:    Checking defaults for OMX/cmex/m/n on input line 93.
LaTeX Font Info:    ... okay on input line 93.
LaTeX Font Info:    Checking defaults for U/cmr/m/n on input line 93.
LaTeX Font Info:    ... okay on input line 93.
File: images/logotipo-secundario-ULL.eps Graphic file (type eps)

<images/logotipo-secundario-ULL.eps>
LaTeX Font Info:    Try loading font information for U+msa on input line 120.

(/usr/share/texmf-texlive/tex/latex/amsfonts/umsa.fd
File: umsa.fd 2009/06/22 v3.00 AMS symbols A
)
LaTeX Font Info:    Try loading font information for U+msb on input line 120.

(/usr/share/texmf-texlive/tex/latex/amsfonts/umsb.fd
File: umsb.fd 2009/06/22 v3.00 AMS symbols B
) [1

] [2

] (./memte.toc)
\tf@toc=\write3
\openout3 = `memte.toc'.


[1

] [2

] (./memte.lof)
\tf@lof=\write4
\openout4 = `memte.lof'.

 [3

] [4

] (./memte.lot)
\tf@lot=\write5
\openout5 = `memte.lot'.

 [5

] [6

]

! LaTeX Error: There's no line here to end.

See the LaTeX manual or LaTeX Companion for explanation.
Type  H <return>  for immediate help.
 ...                                              
                                                  
l.180 E
       l presente informe recoge información sobre la distribución de Poisso...

? 

! LaTeX Error: There's no line here to end.

See the LaTeX manual or LaTeX Companion for explanation.
Type  H <return>  for immediate help.
 ...                                              
                                                  
l.183 D
       e ella podemos decir que es una de las distribuciones más importantes...

? 

! LaTeX Error: There's no line here to end.

See the LaTeX manual or LaTeX Companion for explanation.
Type  H <return>  for immediate help.
 ...                                              
                                                  
l.186 L
       a distribución de Poisson se utiliza en situaciones donde los sucesos...

? 
[1]
Cap\'{\i }tulo 1.
(./tex/cap1.tex
Overfull \hbox (23.35822pt too wide) in paragraph at lines 11--11
[]\OT1/cmr/bx/n/14.4 Ejemplo 1. Dis-tribu-ci^^Son de los amino^^Saci-dos en las
 prote^^S^^Pnas 
 []


Underfull \hbox (badness 10000) in paragraph at lines 13--25

 []


Underfull \hbox (badness 10000) in paragraph at lines 13--25

 []


Overfull \hbox (9.23207pt too wide) in paragraph at lines 13--25
\OT1/cmr/m/n/10.95 Los 400 pares posi-bles pueden con-sid-er-arse co-mo ''casil
-la'', a las que un dip^^Septi-do ''pertenece''
 []


Underfull \hbox (badness 10000) in paragraph at lines 13--25

 []


Underfull \hbox (badness 10000) in paragraph at lines 13--25

 []


Underfull \hbox (badness 10000) in paragraph at lines 13--25

 []

[2

] (./tables/table.tex)
Underfull \hbox (badness 10000) in paragraph at lines 29--40

 []


Underfull \hbox (badness 10000) in paragraph at lines 29--40

 []


Underfull \hbox (badness 10000) in paragraph at lines 29--40

 []


Underfull \hbox (badness 10000) in paragraph at lines 29--40

 []


Underfull \hbox (badness 10000) in paragraph at lines 29--40

 []


Underfull \hbox (badness 10000) in paragraph at lines 44--45

 []


Underfull \vbox (badness 10000) has occurred while \output is active []

 [3]
Underfull \hbox (badness 10000) in paragraph at lines 51--55

 []


Overfull \hbox (27.37506pt too wide) in paragraph at lines 51--55
[] 
 []


Underfull \hbox (badness 10000) in paragraph at lines 55--59

 []


Overfull \hbox (27.37506pt too wide) in paragraph at lines 55--59
[] 
 []

) [4]
Cap\'{\i }tulo 2.
(./tex/cap2.tex
Underfull \hbox (badness 10000) in paragraph at lines 14--18

 []

File: images/Poisson.eps Graphic file (type eps)
<images/Poisson.eps>
Underfull \hbox (badness 10000) in paragraph at lines 31--32

 []


Underfull \hbox (badness 10000) in paragraph at lines 33--34

 []

[5

]
LaTeX Font Info:    Try loading font information for OMS+cmr on input line 35.
 (/usr/share/texmf-texlive/tex/latex/base/omscmr.fd
File: omscmr.fd 1999/05/25 v2.5h Standard LaTeX font definitions
)
LaTeX Font Info:    Font shape `OMS/cmr/m/n' in size <12> not available
(Font)              Font shape `OMS/cmsy/m/n' tried instead on input line 35.

Underfull \hbox (badness 10000) in paragraph at lines 46--57

 []


Underfull \hbox (badness 10000) in paragraph at lines 46--57

 []


Underfull \hbox (badness 10000) in paragraph at lines 62--71

 []


Underfull \hbox (badness 10000) in paragraph at lines 62--71

 []


Underfull \hbox (badness 10000) in paragraph at lines 62--71

 []


Underfull \hbox (badness 10000) in paragraph at lines 62--71

 []

[6]
Underfull \hbox (badness 10000) in paragraph at lines 76--81

 []


Underfull \hbox (badness 10000) in paragraph at lines 76--81

 []


Overfull \hbox (27.37506pt too wide) in paragraph at lines 76--81
[] 
 []


Underfull \hbox (badness 10000) in paragraph at lines 82--86

 []


Overfull \hbox (27.37506pt too wide) in paragraph at lines 82--86
[] 
 []


Underfull \hbox (badness 10000) in paragraph at lines 87--93

 []


Underfull \hbox (badness 10000) in paragraph at lines 87--93

 []


Overfull \hbox (27.37506pt too wide) in paragraph at lines 87--93
[]
 []


Underfull \hbox (badness 10000) in paragraph at lines 87--93

 []


Overfull \hbox (51.46509pt too wide) in paragraph at lines 94--96
[] 
 []


Overfull \hbox (51.46509pt too wide) in paragraph at lines 96--98
[] 
 []


Overfull \hbox (51.46509pt too wide) in paragraph at lines 98--100
[] 
 []


Underfull \hbox (badness 10000) in paragraph at lines 100--104

 []


Overfull \hbox (51.46509pt too wide) in paragraph at lines 100--104
[]
 []

[7]
Underfull \hbox (badness 10000) in paragraph at lines 106--111

 []


Underfull \hbox (badness 10000) in paragraph at lines 106--111

 []


Overfull \hbox (27.37506pt too wide) in paragraph at lines 106--111
[] 
 []

) [8]
Cap\'{\i }tulo 3.
(./tex/cap3.tex
Underfull \hbox (badness 10000) in paragraph at lines 11--19

 []


Underfull \hbox (badness 10000) in paragraph at lines 11--19

 []


Underfull \hbox (badness 10000) in paragraph at lines 11--19

 []


Underfull \hbox (badness 10000) in paragraph at lines 20--22

 []

[9

]
Overfull \hbox (91.90892pt too wide) in paragraph at lines 71--71
[]  \OT1/cmtt/m/n/12 print "numero de dipeptidos por casilla\tdistribucion de P
oisson (f(x))\t400xf(x)"[] 
 []


Overfull \hbox (11.63388pt too wide) in paragraph at lines 71--71
[]    \OT1/cmtt/m/n/12 print "%d\t\t\t\t\t%1.10f\t\t\t%1.10f" % (i, lista[i],40
0*lista[i])[] 
 []


Underfull \vbox (badness 10000) has occurred while \output is active []

 [10]
Underfull \hbox (badness 10000) in paragraph at lines 82--85

 []


Underfull \hbox (badness 10000) in paragraph at lines 82--85

 []


Underfull \hbox (badness 10000) in paragraph at lines 86--89

 []


Underfull \hbox (badness 10000) in paragraph at lines 86--89

 []

! You can't use `macro parameter character #' in horizontal mode.
l.93 ('Linux', 'PROA', '3.2.0-61-generic', '#
                                             93-Ubuntu SMP Fri May 2 21:33:3...

? 

Underfull \hbox (badness 10000) in paragraph at lines 91--101

 []


Underfull \hbox (badness 10000) in paragraph at lines 91--101

 []


Underfull \hbox (badness 10000) in paragraph at lines 91--101

 []

File: images/tiempo_ejecucion.eps Graphic file (type eps)
<images/tiempo_ejecucion.eps>
Underfull \hbox (badness 10000) in paragraph at lines 102--112

 []


! LaTeX Error: There's no line here to end.

See the LaTeX manual or LaTeX Companion for explanation.
Type  H <return>  for immediate help.
 ...                                              
                                                  
l.114 \\
        
? 

! LaTeX Error: There's no line here to end.

See the LaTeX manual or LaTeX Companion for explanation.
Type  H <return>  for immediate help.
 ...                                              
                                                  
l.115 E
       l Apéndice 1 incluye también los nombres de los archivos con los algo...

? 

Underfull \vbox (badness 10000) has occurred while \output is active []

 [11]
File: images/comparacion.eps Graphic file (type eps)

<images/comparacion.eps> (./tables/tablas.tex

! LaTeX Error: There's no line here to end.

See the LaTeX manual or LaTeX Companion for explanation.
Type  H <return>  for immediate help.
 ...                                              
                                                  
l.18 \\
       
? 

! LaTeX Error: There's no line here to end.

See the LaTeX manual or LaTeX Companion for explanation.
Type  H <return>  for immediate help.
 ...                                              
                                                  
l.19 \\
       
? 

! LaTeX Error: There's no line here to end.

See the LaTeX manual or LaTeX Companion for explanation.
Type  H <return>  for immediate help.
 ...                                              
                                                  
l.20 \\
       
? 

! LaTeX Error: There's no line here to end.

See the LaTeX manual or LaTeX Companion for explanation.
Type  H <return>  for immediate help.
 ...                                              
                                                  
l.21 \\
       
? 
) [12]

LaTeX Warning: Text page 13 contains only floats.

[13]) [14]
Cap\'{\i }tulo 4.
(./tex/capi4.tex) [15

] [16

]
Ap\'{e}ndice A.
(./tex/apendice1.tex

! LaTeX Error: There's no line here to end.

See the LaTeX manual or LaTeX Companion for explanation.
Type  H <return>  for immediate help.
 ...                                              
                                                  
l.4 A
      continuacion se muestran los nombres de los ficheros adjuntos a este i...

? 

Underfull \hbox (badness 10000) in paragraph at lines 4--8

 []


Underfull \hbox (badness 10000) in paragraph at lines 13--14

 []

) [17

]
Underfull \hbox (badness 10000) in paragraph at lines 236--237
[]\OT1/cmr/m/n/12 Fundamentos de Prob-a-bil-i-dad en Es-tadis-ti-ca. G.Alonso. 
J.Oca~na.
 []

No file memte.bbl.
[18

] (./memte.aux) ) 
Here is how much of TeX's memory you used:
 2071 strings out of 495062
 24842 string characters out of 1182645
 78798 words of memory out of 3000000
 5183 multiletter control sequences out of 15000+50000
 18980 words of font info for 73 fonts, out of 3000000 for 9000
 28 hyphenation exceptions out of 8191
 25i,10n,27p,1043b,400s stack positions out of 5000i,500n,10000p,200000b,50000s

Output written on memte.dvi (26 pages, 38336 bytes).
